<?xml version="1.0" encoding="UTF-8"?>
<testng-results skipped="0" failed="0" ignored="0" total="1" passed="1">
  <reporter-output>
  </reporter-output>
  <suite name="orangeHRMTest suite" duration-ms="19411" started-at="2022-02-25T11:00:26Z" finished-at="2022-02-25T11:00:46Z">
    <groups>
      <group name="cucumber">
        <method signature="AbstractTestNGCucumberTests.feature(cucumber.api.testng.CucumberFeatureWrapper)[pri:0, instance:testRunners.AdminLoginTest@5bcab519]" name="feature" class="cucumber.api.testng.AbstractTestNGCucumberTests"/>
      </group> <!-- cucumber -->
    </groups>
    <test name="login Test" duration-ms="19411" started-at="2022-02-25T11:00:26Z" finished-at="2022-02-25T11:00:46Z">
      <class name="testRunners.AdminLoginTest">
        <test-method status="PASS" signature="setUpClass()[pri:0, instance:testRunners.AdminLoginTest@5bcab519]" name="setUpClass" is-config="true" duration-ms="476" started-at="2022-02-25T11:00:26Z" finished-at="2022-02-25T11:00:27Z">
          <reporter-output>
          </reporter-output>
        </test-method> <!-- setUpClass -->
        <test-method status="PASS" signature="feature(cucumber.api.testng.CucumberFeatureWrapper)[pri:0, instance:testRunners.AdminLoginTest@5bcab519]" name="feature" duration-ms="18009" started-at="2022-02-25T11:00:27Z" description="Runs Cucumber Feature" data-provider="features" finished-at="2022-02-25T11:00:45Z">
          <params>
            <param index="0">
              <value>
                <![CDATA[Admin Login]]>
              </value>
            </param>
          </params>
          <reporter-output>
          </reporter-output>
        </test-method> <!-- feature -->
        <test-method status="PASS" signature="tearDownClass()[pri:0, instance:testRunners.AdminLoginTest@5bcab519]" name="tearDownClass" is-config="true" duration-ms="711" started-at="2022-02-25T11:00:45Z" finished-at="2022-02-25T11:00:46Z">
          <reporter-output>
          </reporter-output>
        </test-method> <!-- tearDownClass -->
      </class> <!-- testRunners.AdminLoginTest -->
    </test> <!-- login Test -->
  </suite> <!-- orangeHRMTest suite -->
</testng-results>
